[shilpakini1508.wixsite.com/mysite-1.html]
[backblue.gif]
[fade.gif]
[index.html]
[shilpakini1508.wixsite.com/sitemap.xml]
[shilpakini1508.wixsite.com/feed.xml]
[browser.sentry-cdn.com/4.6.2/bundle.min.js]
[static.parastorage.com/unpkg/core-js-bundle@3.2.1/minified.js]
[static.parastorage.com/unpkg/whatwg-fetch@3.0.0/dist/fetch.umd.js]
[static.parastorage.com/services/wix-bolt/1.5280.0/bolt-main/app/bolt-custom-elements.min.js]
[static.parastorage.com/unpkg/requirejs-bolt@2.3.6/requirejs.min.js]
[shilpakini1508.wixsite.com/_partials/wix-bolt/1.5280.0/node_modules/viewer-platform-worker/dist/wixcode-worker.js]
[static.parastorage.com/services/skins/2.1229.80/images/wysiwyg/core/themes/base/cursor_zoom_out.png]
[static.parastorage.com/services/skins/2.1229.80/images/wysiwyg/core/themes/base/cursor_zoom_in.png]
[static.wixstatic.com/media/11062b_03c50f8fe4a34cc297a984e483a282eff000.jpg/v1/fill/w_480,h_270,al_c,q_80,usm_0.33_1.00_0.00,blur_2/11062b_03c50f8fe4a34cc297a984e483a282eff000.jpg]
[static.wixstatic.com/media/2266a47c83d9453893b933944f7a426a.jpg/v1/fill/w_245,h_163,al_c,q_80,usm_0.66_1.00_0.01,blur_2/2266a47c83d9453893b933944f7a426a.jpg]
[static.wixstatic.com/media/ea26fd_7ccc4ffc033a4a15acbbff665578252b_mv2.png/v1/fill/w_122,h_129,al_c,blur_3/ea26fd_7ccc4ffc033a4a15acbbff665578252b_mv2.png]
[static.wixstatic.com/media/ea26fd_ccf38516ae9147fc8deb1978759d2965_mv2.png/v1/fill/w_122,h_129,al_c,blur_3/ea26fd_ccf38516ae9147fc8deb1978759d2965_mv2.png]
[static.wixstatic.com/media/ea26fd_d0155ac4a35342c79a636f4bae766436_mv2.png/v1/fill/w_122,h_129,al_c,blur_3/ea26fd_d0155ac4a35342c79a636f4bae766436_mv2.png]
[static.wixstatic.com/media/c5dc19_b7e6459ba6ef41efa55f8c34ee4b14e9_mv2.jpg/v1/fill/w_164,h_213,al_c,q_80,usm_0.66_1.00_0.01,blur_2/c5dc19_b7e6459ba6ef41efa55f8c34ee4b14e9_mv2.jpg]
[static.wixstatic.com/media/nsplsh_7a6355676a797145776538_mv2.jpg/v1/fill/w_164,h_213,al_c,q_80,usm_0.66_1.00_0.01,blur_2/nsplsh_7a6355676a797145776538_mv2.jpg]
[shilpakini1508.wixsite.com/mysite-1/project-01.html]
[static.wixstatic.com/media/c5dc19_fc751f51f4dd4f49aee8e6b799bd3285_mv2.jpg/v1/fill/w_164,h_206,al_c,q_80,usm_0.66_1.00_0.01,blur_2/c5dc19_fc751f51f4dd4f49aee8e6b799bd3285_mv2.jpg]
[shilpakini1508.wixsite.com/mysite-1/project-02.html]
[static.wixstatic.com/media/c5dc19_93aea7904a2a4defbc9a6018f7ee71eb_mv2.jpg/v1/fill/w_164,h_206,al_c,q_80,usm_0.66_1.00_0.01,blur_2/c5dc19_93aea7904a2a4defbc9a6018f7ee71eb_mv2.jpg]
[static.wixstatic.com/media/c5dc19_54a87b7a153e4799bfe3b1181b431aec_mv2.jpg/v1/fill/w_173,h_206,al_c,q_80,usm_0.66_1.00_0.01,blur_2/c5dc19_54a87b7a153e4799bfe3b1181b431aec_mv2.jpg]
[static.wixstatic.com/media/c5dc19_515fefeee9dc4353a9d0446d4ffd4bdc_mv2.jpg/v1/fill/w_173,h_206,al_c,q_80,usm_0.66_1.00_0.01,blur_2/c5dc19_515fefeee9dc4353a9d0446d4ffd4bdc_mv2.jpg]
[shilpakini1508.wixsite.com/mysite-1/project-03.html]
[static.wixstatic.com/media/c5dc19_0ca97c5ec9ed4e138211d25f0e92b168_mv2.jpg/v1/fill/w_173,h_202,al_c,q_80,usm_0.66_1.00_0.01,blur_2/c5dc19_0ca97c5ec9ed4e138211d25f0e92b168_mv2.jpg]
[static.wixstatic.com/media/c5dc19_2984688292634e5e867254f767670ef9_mv2.jpg/v1/fill/w_173,h_202,al_c,q_80,usm_0.66_1.00_0.01,blur_2/c5dc19_2984688292634e5e867254f767670ef9_mv2.jpg]
[static.wixstatic.com/media/ea26fd_3d5a758efbad4280b84b50574359b097_mv2.png/v1/fill/w_118,h_118,al_c,usm_0.66_1.00_0.01,blur_3/ea26fd_3d5a758efbad4280b84b50574359b097_mv2.png]
[static.wixstatic.com/media/ea26fd_f38487d4414a4a248b1dee9a805fd83d_mv2.png/v1/fill/w_118,h_118,al_c,usm_0.66_1.00_0.01,blur_3/ea26fd_f38487d4414a4a248b1dee9a805fd83d_mv2.png]
[static.wixstatic.com/media/ea26fd_37c52f37567f4159acd6e41c32984c6b_mv2.png/v1/fill/w_118,h_118,al_c,usm_0.66_1.00_0.01,blur_3/ea26fd_37c52f37567f4159acd6e41c32984c6b_mv2.png]
[static.wixstatic.com/media/ea26fd_30b07ba3f0f94b5782253746302a0eb4_mv2.png/v1/fill/w_118,h_118,al_c,usm_0.66_1.00_0.01,blur_3/ea26fd_30b07ba3f0f94b5782253746302a0eb4_mv2.png]
[static.wixstatic.com/media/ea26fd_f33d54dd9e724ea5a96d685fe4fc150d_mv2.png/v1/fill/w_112,h_63,al_c,blur_3/ea26fd_f33d54dd9e724ea5a96d685fe4fc150d_mv2.png]
[static.wixstatic.com/media/ea26fd_06e5432437c24ffb83c9712002bb77ae_mv2.png/v1/fill/w_112,h_63,al_c,blur_3/ea26fd_06e5432437c24ffb83c9712002bb77ae_mv2.png]
[static.wixstatic.com/media/ea26fd_75d067b194c54a85b67922a887adf9f1_mv2.png/v1/fill/w_136,h_78,al_c,blur_3/ea26fd_75d067b194c54a85b67922a887adf9f1_mv2.png]
[static.wixstatic.com/media/ea26fd_b13386b527b04a4ab2028ab854acea49_mv2.png/v1/fill/w_136,h_78,al_c,blur_3/ea26fd_b13386b527b04a4ab2028ab854acea49_mv2.png]
[static.wixstatic.com/media/ea26fd_58accf14c0934513af19a30e4fbf635e_mv2.png/v1/fill/w_170,h_53,al_c,blur_3/ea26fd_58accf14c0934513af19a30e4fbf635e_mv2.png]
[static.wixstatic.com/media/ea26fd_3754f2d09c2c481a83373575a09fce7c_mv2.png/v1/fill/w_170,h_53,al_c,blur_3/ea26fd_3754f2d09c2c481a83373575a09fce7c_mv2.png]
[static.wixstatic.com/media/ea26fd_d4735686797f4c20b0c1e8e94f7e7ca5_mv2.png/v1/fill/w_117,h_118,al_c,blur_3/ea26fd_d4735686797f4c20b0c1e8e94f7e7ca5_mv2.png]
[static.wixstatic.com/media/ea26fd_91cee6762c664548abb9f20784f613f9_mv2.png/v1/fill/w_117,h_118,al_c,blur_3/ea26fd_91cee6762c664548abb9f20784f613f9_mv2.png]
[static.wixstatic.com/media/0da768_0c5ce9e2ffa442bea0b79b690223a939_mv2.png]
[shilpakini1508.wixsite.com/mysite-1.html]
[shilpakini1508.wixsite.com/sitemap.html]
[shilpakini1508.wixsite.com/feed.html]
[shilpakini1508.wixsite.com/mysite-1/robots.txt]
[shilpakini1508.wixsite.com/mysite-1/sitemap.xml]
[shilpakini1508.wixsite.com/mysite-1/feed.xml]
[static.wixstatic.com/media/ea26fd_cc42dc76969948c5a7764c2a8cf59ce0_mv2_d_3000_2000_s_2.jpg/v1/fill/w_128,h_85,al_c,q_80,usm_0.66_1.00_0.01,blur_2/ea26fd_cc42dc76969948c5a7764c2a8cf59ce0_mv2_d_3000_2000_s_2.jpg]
[shilpakini1508.wixsite.com/mysite-1/project-01.html]
[static.wixstatic.com/media/ea26fd_f69356b114c040378c5d0a6af43b3ccb_mv2_d_2768_1560_s_2.jpg/v1/fill/w_151,h_85,al_c,q_80,usm_0.66_1.00_0.01,blur_2/ea26fd_f69356b114c040378c5d0a6af43b3ccb_mv2_d_2768_1560_s_2.jpg]
[shilpakini1508.wixsite.com/mysite-1/project-02.html]
[shilpakini1508.wixsite.com/mysite-1/project-03.html]
[shilpakini1508.wixsite.com/mysite-1/robots.html]
[shilpakini1508.wixsite.com/mysite-1/feed.html]
[static.wixstatic.com/media/ea26fd_ce80eff1c3414aefb36b436e40cfedf4_mv2_d_7/v1/crop/x_0,y_718,w_7360,h_2478/fill/w_252,h_85,al_c,q_80,usm_0.66_1.00_0.01,blur_2/ea26fd_ce80eff1c3414aefb36b436e40cfedf4_mv2_d_7360_49]
